<html>
<body>
<pre>
<h1>µVision Build Log</h1>
<h2>Tool Versions:</h2>
IDE-Version: ¦ÌVision V5.28.0.0
Copyright (C) 2019 ARM Ltd and ARM Germany GmbH. All rights reserved.
License Information: xx xx, UESTC, LIC=BUUSB-2ZETB-01PP1-CBF4Q-Z7PG6-SKRQ8
 
Tool Versions:
Toolchain:       MDK-ARM Plus  Version: 5.28.0.0
Toolchain Path:  D:\Program Files\Keil_MDK5\ARM\ARMCC\Bin
C Compiler:      Armcc.exe V5.06 update 6 (build 750)
Assembler:       Armasm.exe V5.06 update 6 (build 750)
Linker/Locator:  ArmLink.exe V5.06 update 6 (build 750)
Library Manager: ArmAr.exe V5.06 update 6 (build 750)
Hex Converter:   FromElf.exe V5.06 update 6 (build 750)
CPU DLL:         SARMCM3.DLL V5.28.0.0
Dialog DLL:      DCM.DLL V1.17.3.0
Target DLL:      Segger\JL2CM3.dll V2.99.36.0
Dialog DLL:      TCM.DLL V1.36.2.0
 
<h2>Project:</h2>
D:\Robomaster_TDDG_Private\Src\Sentry_\_sRNTIcHAS_\MDK-ARM\_sRNTIcHAS_.uvprojx
Project File Date:  12/10/2019

<h2>Output:</h2>
*** Using Compiler 'V5.06 update 6 (build 750)', folder: 'D:\Program Files\Keil_MDK5\ARM\ARMCC\Bin'
Build target '_sRNTIcHAS_'
compiling dma.c...
compiling gpio.c...
compiling usart.c...
compiling can.c...
compiling spi.c...
compiling stm32f4xx_it.c...
compiling main.c...
compiling freertos.c...
.\Sentry\SentryCanCommu.hpp(28): error:  #67: expected a "}"
      SUPERIOR_SAFE = 0x1A0
../Src/freertos.c: 0 warnings, 1 error
compiling stm32f4xx_hal_msp.c...
compiling stm32f4xx_hal_spi.c...
compiling stm32f4xx_hal_timebase_tim.c...
compiling stm32f4xx_hal_can.c...
compiling stm32f4xx_hal_uart.c...
compiling stm32f4xx_hal_tim_ex.c...
compiling stm32f4xx_hal_rcc.c...
compiling stm32f4xx_hal_tim.c...
compiling stm32f4xx_hal_flash_ramfunc.c...
compiling stm32f4xx_hal_rcc_ex.c...
compiling stm32f4xx_hal_flash.c...
compiling stm32f4xx_hal_gpio.c...
compiling stm32f4xx_hal_flash_ex.c...
compiling stm32f4xx_hal_dma.c...
compiling stm32f4xx_hal_pwr.c...
compiling croutine.c...
compiling stm32f4xx_hal_dma_ex.c...
compiling event_groups.c...
compiling list.c...
compiling stream_buffer.c...
compiling queue.c...
compiling timers.c...
compiling tasks.c...
compiling heap_4.c...
compiling cmsis_os.c...
compiling port.c...
compiling stm32f4xx_hal_pwr_ex.c...
compiling app_math.c...
compiling system_stm32f4xx.c...
compiling stm32f4xx_hal.c...
compiling stm32f4xx_hal_exti.c...
compiling stm32f4xx_hal_cortex.c...
compiling app_imu.c...
App\app_imu.c(306): warning:  #177-D: variable "reset_cnt"  was declared but never referenced
  		static uint8_t reset_cnt = 0;
App\app_imu.c: 1 warning, 0 errors
compiling Car_Driver.cpp...
"no source": Error:  #5: cannot open source input file "Motor\Car_Driver.cpp": No such file or directory
Motor\Car_Driver.cpp: 0 warnings, 1 error
compiling bsp_dbus.c...
compiling universe.cpp...
"no source": Error:  #5: cannot open source input file "Motor\universe.cpp": No such file or directory
Motor\universe.cpp: 0 warnings, 1 error
compiling bsp_can.cpp...
.\Sentry\SentryCanCommu.hpp(28): error:  #67: expected a "}"
      SUPERIOR_SAFE = 0x1A0
Bsp\bsp_can.cpp: 0 warnings, 1 error
compiling bsp_spi.c...
compiling task_sentCha.cpp...
.\Sentry\SentryCanCommu.hpp(28): error:  #67: expected a "}"
      SUPERIOR_SAFE = 0x1A0
Task\task_sentCha.cpp: 0 warnings, 1 error
"_sRNTIcHAS_\_sRNTIcHAS_.axf" - 5 Error(s), 1 Warning(s).

<h2>Software Packages used:</h2>

Package Vendor: ARM
                http://www.keil.com/pack/ARM.CMSIS.5.5.1.pack
                ARM.CMSIS.5.5.1
                CMSIS (Cortex Microcontroller Software Interface Standard)
   * Component: CORE Version: 5.2.0

Package Vendor: Keil
                http://www.keil.com/pack/Keil.STM32F4xx_DFP.2.13.0.pack
                Keil.STM32F4xx_DFP.2.13.0
                STMicroelectronics STM32F4 Series Device Support, Drivers and Examples

<h2>Collection of Component include folders:</h2>
  .\RTE\__sRNTIcHAS_
  D:\Program Files\Keil_MDK5\ARM\PACK\ARM\CMSIS\5.5.1\CMSIS\Core\Include
  D:\Program Files\Keil_MDK5\ARM\PACK\Keil\STM32F4xx_DFP\2.13.0\Drivers\CMSIS\Device\ST\STM32F4xx\Include

<h2>Collection of Component Files used:</h2>

   * Component: ARM::CMSIS:CORE:5.2.0
Target not created.
Build Time Elapsed:  00:00:48
</pre>
</body>
</html>
